<?xml version="1.0" encoding="UTF-8"?>
<!-- Generated by org.testng.reporters.JUnitReportReporter -->
<testsuite hostname="DESKTOP-57EUCTP" failures="0" tests="1" name="SignUpTest" time="16.323" errors="0" timestamp="2023-10-23T10:30:00 EEST" skipped="0">
  <testcase classname="SignUpTest" name="Test" time="16.323"/>
  <system-out/>
</testsuite> <!-- SignUpTest -->
